This file contains any messages produced by compilers while
running configure, to aid debugging if configure makes a mistake.

It was created by configure, which was
generated by GNU Autoconf 2.69.  Invocation command line was

  $ ./configure 

## --------- ##
## Platform. ##
## --------- ##

hostname = VDI-CENTOS-042
uname -m = x86_64
uname -r = 3.10.0-514.26.2.el7.x86_64
uname -s = Linux
uname -v = #1 SMP Tue Jul 4 15:04:05 UTC 2017

/usr/bin/uname -p = x86_64
/bin/uname -X     = unknown

/bin/arch              = x86_64
/usr/bin/arch -k       = unknown
/usr/convex/getsysinfo = unknown
/usr/bin/hostinfo      = unknown
/bin/machine           = unknown
/usr/bin/oslevel       = unknown
/bin/universe          = unknown

PATH: /opt/ros/rosdesktop_ws/install_isolated/bin
PATH: /usr/local/bin
PATH: /usr/local/bin
PATH: /usr/local/bin
PATH: /usr/local/sbin
PATH: /usr/bin
PATH: /usr/sbin
PATH: /bin
PATH: /sbin


## ----------- ##
## Core tests. ##
## ----------- ##

configure:2547: checking build system type
configure:2561: result: x86_64-unknown-linux-gnu
configure:2581: checking host system type
configure:2594: result: x86_64-unknown-linux-gnu
configure:2662: checking for gcc
configure:2678: found /usr/bin/gcc
configure:2689: result: gcc
configure:2918: checking for C compiler version
configure:2927: gcc --version >&5
gcc (GCC) 4.8.5 20150623 (Red Hat 4.8.5-11)
Copyright (C) 2015 Free Software Foundation, Inc.
This is free software; see the source for copying conditions.  There is NO
warranty; not even for MERCHANTABILITY or FITNESS FOR A PARTICULAR PURPOSE.

configure:2938: $? = 0
configure:2927: gcc -v >&5
Using built-in specs.
COLLECT_GCC=gcc
COLLECT_LTO_WRAPPER=/usr/libexec/gcc/x86_64-redhat-linux/4.8.5/lto-wrapper
Target: x86_64-redhat-linux
Configured with: ../configure --prefix=/usr --mandir=/usr/share/man --infodir=/usr/share/info --with-bugurl=http://bugzilla.redhat.com/bugzilla --enable-bootstrap --enable-shared --enable-threads=posix --enable-checking=release --with-system-zlib --enable-__cxa_atexit --disable-libunwind-exceptions --enable-gnu-unique-object --enable-linker-build-id --with-linker-hash-style=gnu --enable-languages=c,c++,objc,obj-c++,java,fortran,ada,go,lto --enable-plugin --enable-initfini-array --disable-libgcj --with-isl=/builddir/build/BUILD/gcc-4.8.5-20150702/obj-x86_64-redhat-linux/isl-install --with-cloog=/builddir/build/BUILD/gcc-4.8.5-20150702/obj-x86_64-redhat-linux/cloog-install --enable-gnu-indirect-function --with-tune=generic --with-arch_32=x86-64 --build=x86_64-redhat-linux
Thread model: posix
gcc version 4.8.5 20150623 (Red Hat 4.8.5-11) (GCC) 
configure:2938: $? = 0
configure:2927: gcc -V >&5
gcc: error: unrecognized command line option '-V'
gcc: fatal error: no input files
compilation terminated.
configure:2938: $? = 4
configure:2927: gcc -qversion >&5
gcc: error: unrecognized command line option '-qversion'
gcc: fatal error: no input files
compilation terminated.
configure:2938: $? = 4
configure:2958: checking whether the C compiler works
configure:2980: gcc    conftest.c  >&5
configure:2984: $? = 0
configure:3032: result: yes
configure:3035: checking for C compiler default output file name
configure:3037: result: a.out
configure:3043: checking for suffix of executables
configure:3050: gcc -o conftest    conftest.c  >&5
configure:3054: $? = 0
configure:3076: result: 
configure:3098: checking whether we are cross compiling
configure:3106: gcc -o conftest    conftest.c  >&5
configure:3110: $? = 0
configure:3117: ./conftest
configure:3121: $? = 0
configure:3136: result: no
configure:3141: checking for suffix of object files
configure:3163: gcc -c   conftest.c >&5
configure:3167: $? = 0
configure:3188: result: o
configure:3192: checking whether we are using the GNU C compiler
configure:3211: gcc -c   conftest.c >&5
configure:3211: $? = 0
configure:3220: result: yes
configure:3229: checking whether gcc accepts -g
configure:3249: gcc -c -g  conftest.c >&5
configure:3249: $? = 0
configure:3290: result: yes
configure:3307: checking for gcc option to accept ISO C89
configure:3370: gcc  -c -g -O2  conftest.c >&5
configure:3370: $? = 0
configure:3383: result: none needed
configure:3403: checking for a sed that does not truncate output
configure:3467: result: /usr/bin/sed
configure:3485: checking for grep that handles long lines and -e
configure:3543: result: /usr/bin/grep
configure:3548: checking for egrep
configure:3610: result: /usr/bin/grep -E
configure:3615: checking for fgrep
configure:3677: result: /usr/bin/grep -F
configure:3712: checking for ld used by gcc
configure:3779: result: /usr/bin/ld
configure:3786: checking if the linker (/usr/bin/ld) is GNU ld
configure:3801: result: yes
configure:3813: checking for BSD- or MS-compatible name lister (nm)
configure:3862: result: /usr/bin/nm -B
configure:3980: checking the name lister (/usr/bin/nm -B) interface
configure:3987: gcc -c -g -O2  conftest.c >&5
configure:3990: /usr/bin/nm -B "conftest.o"
configure:3993: output
0000000000000000 B some_variable
configure:4000: result: BSD nm
configure:4003: checking whether ln -s works
configure:4007: result: yes
configure:4015: checking the maximum length of command line arguments
configure:4141: result: 1572864
configure:4158: checking whether the shell understands some XSI constructs
configure:4168: result: yes
configure:4172: checking whether the shell understands "+="
configure:4178: result: yes
configure:4213: checking for /usr/bin/ld option to reload object files
configure:4220: result: -r
configure:4289: checking for objdump
configure:4305: found /usr/bin/objdump
configure:4316: result: objdump
configure:4345: checking how to recognize dependent libraries
configure:4543: result: pass_all
configure:4603: checking for ar
configure:4619: found /usr/bin/ar
configure:4630: result: ar
configure:4708: checking for strip
configure:4724: found /usr/bin/strip
configure:4735: result: strip
configure:4807: checking for ranlib
configure:4823: found /usr/bin/ranlib
configure:4834: result: ranlib
configure:4924: checking command to parse /usr/bin/nm -B output from gcc object
configure:5042: gcc -c -g -O2  conftest.c >&5
configure:5045: $? = 0
configure:5049: /usr/bin/nm -B conftest.o \| sed -n -e 's/^.*[	 ]\([ABCDGIRSTW][ABCDGIRSTW]*\)[	 ][	 ]*\([_A-Za-z][_A-Za-z0-9]*\)$/\1 \2 \2/p' \> conftest.nm
configure:5052: $? = 0
configure:5106: gcc -o conftest -g -O2   conftest.c conftstm.o >&5
configure:5109: $? = 0
configure:5147: result: ok
configure:5243: gcc -c -g -O2  conftest.c >&5
configure:5246: $? = 0
configure:5956: checking how to run the C preprocessor
configure:5987: gcc -E  conftest.c
configure:5987: $? = 0
configure:6001: gcc -E  conftest.c
conftest.c:9:28: fatal error: ac_nonexistent.h: No such file or directory
 #include <ac_nonexistent.h>
                            ^
compilation terminated.
configure:6001: $? = 1
configure: failed program was:
| /* confdefs.h */
| #define PACKAGE_NAME ""
| #define PACKAGE_TARNAME ""
| #define PACKAGE_VERSION ""
| #define PACKAGE_STRING ""
| #define PACKAGE_BUGREPORT ""
| #define PACKAGE_URL ""
| /* end confdefs.h.  */
| #include <ac_nonexistent.h>
configure:6026: result: gcc -E
configure:6046: gcc -E  conftest.c
configure:6046: $? = 0
configure:6060: gcc -E  conftest.c
conftest.c:9:28: fatal error: ac_nonexistent.h: No such file or directory
 #include <ac_nonexistent.h>
                            ^
compilation terminated.
configure:6060: $? = 1
configure: failed program was:
| /* confdefs.h */
| #define PACKAGE_NAME ""
| #define PACKAGE_TARNAME ""
| #define PACKAGE_VERSION ""
| #define PACKAGE_STRING ""
| #define PACKAGE_BUGREPORT ""
| #define PACKAGE_URL ""
| /* end confdefs.h.  */
| #include <ac_nonexistent.h>
configure:6089: checking for ANSI C header files
configure:6109: gcc -c -g -O2  conftest.c >&5
configure:6109: $? = 0
configure:6182: gcc -o conftest -g -O2   conftest.c  >&5
configure:6182: $? = 0
configure:6182: ./conftest
configure:6182: $? = 0
configure:6193: result: yes
configure:6206: checking for sys/types.h
configure:6206: gcc -c -g -O2  conftest.c >&5
configure:6206: $? = 0
configure:6206: result: yes
configure:6206: checking for sys/stat.h
configure:6206: gcc -c -g -O2  conftest.c >&5
configure:6206: $? = 0
configure:6206: result: yes
configure:6206: checking for stdlib.h
configure:6206: gcc -c -g -O2  conftest.c >&5
configure:6206: $? = 0
configure:6206: result: yes
configure:6206: checking for string.h
configure:6206: gcc -c -g -O2  conftest.c >&5
configure:6206: $? = 0
configure:6206: result: yes
configure:6206: checking for memory.h
configure:6206: gcc -c -g -O2  conftest.c >&5
configure:6206: $? = 0
configure:6206: result: yes
configure:6206: checking for strings.h
configure:6206: gcc -c -g -O2  conftest.c >&5
configure:6206: $? = 0
configure:6206: result: yes
configure:6206: checking for inttypes.h
configure:6206: gcc -c -g -O2  conftest.c >&5
configure:6206: $? = 0
configure:6206: result: yes
configure:6206: checking for stdint.h
configure:6206: gcc -c -g -O2  conftest.c >&5
configure:6206: $? = 0
configure:6206: result: yes
configure:6206: checking for unistd.h
configure:6206: gcc -c -g -O2  conftest.c >&5
configure:6206: $? = 0
configure:6206: result: yes
configure:6220: checking for dlfcn.h
configure:6220: gcc -c -g -O2  conftest.c >&5
configure:6220: $? = 0
configure:6220: result: yes
configure:6702: checking for objdir
configure:6717: result: .libs
configure:7013: checking if gcc supports -fno-rtti -fno-exceptions
configure:7031: gcc -c -g -O2  -fno-rtti -fno-exceptions conftest.c >&5
cc1: warning: command line option '-fno-rtti' is valid for C++/ObjC++ but not for C [enabled by default]
configure:7035: $? = 0
configure:7048: result: no
configure:7068: checking for gcc option to produce PIC
configure:7340: result: -fPIC -DPIC
configure:7352: checking if gcc PIC flag -fPIC -DPIC works
configure:7370: gcc -c -g -O2  -fPIC -DPIC -DPIC conftest.c >&5
configure:7374: $? = 0
configure:7387: result: yes
configure:7411: checking if gcc static flag -static works
configure:7439: result: yes
configure:7454: checking if gcc supports -c -o file.o
configure:7475: gcc -c -g -O2  -o out/conftest2.o conftest.c >&5
configure:7479: $? = 0
configure:7501: result: yes
configure:7509: checking if gcc supports -c -o file.o
configure:7556: result: yes
configure:7589: checking whether the gcc linker (/usr/bin/ld -m elf_x86_64) supports shared libraries
configure:8575: result: yes
configure:8612: checking whether -lc should be explicitly linked in
configure:8617: gcc -c -g -O2  conftest.c >&5
configure:8620: $? = 0
configure:8635: gcc -shared conftest.o  -v -Wl,-soname -Wl,conftest -o conftest 2\>\&1 \| /usr/bin/grep  -lc  \>/dev/null 2\>\&1
configure:8638: $? = 0
configure:8650: result: no
configure:8814: checking dynamic linker characteristics
configure:9249: gcc -o conftest -g -O2   -Wl,-rpath -Wl,/foo conftest.c  >&5
configure:9249: $? = 0
configure:9467: result: GNU/Linux ld.so
configure:9569: checking how to hardcode library paths into programs
configure:9594: result: immediate
configure:10114: checking whether stripping libraries is possible
configure:10119: result: yes
configure:10154: checking if libtool supports shared libraries
configure:10156: result: yes
configure:10159: checking whether to build shared libraries
configure:10180: result: yes
configure:10183: checking whether to build static libraries
configure:10187: result: yes
configure:10251: checking for a BSD-compatible install
configure:10319: result: /usr/bin/install -c
configure:10330: checking whether build environment is sane
configure:10385: result: yes
configure:10536: checking for a thread-safe mkdir -p
configure:10575: result: /usr/bin/mkdir -p
configure:10582: checking for gawk
configure:10598: found /usr/bin/gawk
configure:10609: result: gawk
configure:10620: checking whether make sets $(MAKE)
configure:10642: result: yes
configure:10672: checking for style of include used by make
configure:10700: result: GNU
configure:10734: checking whether make supports nested variables
configure:10751: result: yes
configure:10837: checking dependency style of gcc
configure:10948: result: gcc3
configure:11014: checking for gcc
configure:11041: result: gcc
configure:11270: checking for C compiler version
configure:11279: gcc --version >&5
gcc (GCC) 4.8.5 20150623 (Red Hat 4.8.5-11)
Copyright (C) 2015 Free Software Foundation, Inc.
This is free software; see the source for copying conditions.  There is NO
warranty; not even for MERCHANTABILITY or FITNESS FOR A PARTICULAR PURPOSE.

configure:11290: $? = 0
configure:11279: gcc -v >&5
Using built-in specs.
COLLECT_GCC=gcc
COLLECT_LTO_WRAPPER=/usr/libexec/gcc/x86_64-redhat-linux/4.8.5/lto-wrapper
Target: x86_64-redhat-linux
Configured with: ../configure --prefix=/usr --mandir=/usr/share/man --infodir=/usr/share/info --with-bugurl=http://bugzilla.redhat.com/bugzilla --enable-bootstrap --enable-shared --enable-threads=posix --enable-checking=release --with-system-zlib --enable-__cxa_atexit --disable-libunwind-exceptions --enable-gnu-unique-object --enable-linker-build-id --with-linker-hash-style=gnu --enable-languages=c,c++,objc,obj-c++,java,fortran,ada,go,lto --enable-plugin --enable-initfini-array --disable-libgcj --with-isl=/builddir/build/BUILD/gcc-4.8.5-20150702/obj-x86_64-redhat-linux/isl-install --with-cloog=/builddir/build/BUILD/gcc-4.8.5-20150702/obj-x86_64-redhat-linux/cloog-install --enable-gnu-indirect-function --with-tune=generic --with-arch_32=x86-64 --build=x86_64-redhat-linux
Thread model: posix
gcc version 4.8.5 20150623 (Red Hat 4.8.5-11) (GCC) 
configure:11290: $? = 0
configure:11279: gcc -V >&5
gcc: error: unrecognized command line option '-V'
gcc: fatal error: no input files
compilation terminated.
configure:11290: $? = 4
configure:11279: gcc -qversion >&5
gcc: error: unrecognized command line option '-qversion'
gcc: fatal error: no input files
compilation terminated.
configure:11290: $? = 4
configure:11294: checking whether we are using the GNU C compiler
configure:11322: result: yes
configure:11331: checking whether gcc accepts -g
configure:11392: result: yes
configure:11409: checking for gcc option to accept ISO C89
configure:11485: result: none needed
configure:11559: checking for gcc
configure:11575: found /usr/bin/gcc
configure:11586: result: gcc
configure:11611: checking for Objective C compiler version
configure:11620: gcc --version >&5
gcc (GCC) 4.8.5 20150623 (Red Hat 4.8.5-11)
Copyright (C) 2015 Free Software Foundation, Inc.
This is free software; see the source for copying conditions.  There is NO
warranty; not even for MERCHANTABILITY or FITNESS FOR A PARTICULAR PURPOSE.

configure:11631: $? = 0
configure:11620: gcc -v >&5
Using built-in specs.
COLLECT_GCC=gcc
COLLECT_LTO_WRAPPER=/usr/libexec/gcc/x86_64-redhat-linux/4.8.5/lto-wrapper
Target: x86_64-redhat-linux
Configured with: ../configure --prefix=/usr --mandir=/usr/share/man --infodir=/usr/share/info --with-bugurl=http://bugzilla.redhat.com/bugzilla --enable-bootstrap --enable-shared --enable-threads=posix --enable-checking=release --with-system-zlib --enable-__cxa_atexit --disable-libunwind-exceptions --enable-gnu-unique-object --enable-linker-build-id --with-linker-hash-style=gnu --enable-languages=c,c++,objc,obj-c++,java,fortran,ada,go,lto --enable-plugin --enable-initfini-array --disable-libgcj --with-isl=/builddir/build/BUILD/gcc-4.8.5-20150702/obj-x86_64-redhat-linux/isl-install --with-cloog=/builddir/build/BUILD/gcc-4.8.5-20150702/obj-x86_64-redhat-linux/cloog-install --enable-gnu-indirect-function --with-tune=generic --with-arch_32=x86-64 --build=x86_64-redhat-linux
Thread model: posix
gcc version 4.8.5 20150623 (Red Hat 4.8.5-11) (GCC) 
configure:11631: $? = 0
configure:11620: gcc -V >&5
gcc: error: unrecognized command line option '-V'
gcc: fatal error: no input files
compilation terminated.
configure:11631: $? = 4
configure:11620: gcc -qversion >&5
gcc: error: unrecognized command line option '-qversion'
gcc: fatal error: no input files
compilation terminated.
configure:11631: $? = 4
configure:11635: checking whether we are using the GNU Objective C compiler
configure:11654: gcc -c   conftest.m >&5
gcc: error trying to exec 'cc1obj': execvp: No such file or directory
configure:11654: $? = 1
configure: failed program was:
| /* confdefs.h */
| #define PACKAGE_NAME ""
| #define PACKAGE_TARNAME ""
| #define PACKAGE_VERSION ""
| #define PACKAGE_STRING ""
| #define PACKAGE_BUGREPORT ""
| #define PACKAGE_URL ""
| #define STDC_HEADERS 1
| #define HAVE_SYS_TYPES_H 1
| #define HAVE_SYS_STAT_H 1
| #define HAVE_STDLIB_H 1
| #define HAVE_STRING_H 1
| #define HAVE_MEMORY_H 1
| #define HAVE_STRINGS_H 1
| #define HAVE_INTTYPES_H 1
| #define HAVE_STDINT_H 1
| #define HAVE_UNISTD_H 1
| #define HAVE_DLFCN_H 1
| #define LT_OBJDIR ".libs/"
| #define PACKAGE "SDL2_image"
| #define VERSION "2.0.1"
| /* end confdefs.h.  */
| 
| int
| main ()
| {
| #ifndef __GNUC__
|        choke me
| #endif
| 
|   ;
|   return 0;
| }
configure:11663: result: no
configure:11672: checking whether gcc accepts -g
configure:11692: gcc -c -g  conftest.m >&5
gcc: error trying to exec 'cc1obj': execvp: No such file or directory
configure:11692: $? = 1
configure: failed program was:
| /* confdefs.h */
| #define PACKAGE_NAME ""
| #define PACKAGE_TARNAME ""
| #define PACKAGE_VERSION ""
| #define PACKAGE_STRING ""
| #define PACKAGE_BUGREPORT ""
| #define PACKAGE_URL ""
| #define STDC_HEADERS 1
| #define HAVE_SYS_TYPES_H 1
| #define HAVE_SYS_STAT_H 1
| #define HAVE_STDLIB_H 1
| #define HAVE_STRING_H 1
| #define HAVE_MEMORY_H 1
| #define HAVE_STRINGS_H 1
| #define HAVE_INTTYPES_H 1
| #define HAVE_STDINT_H 1
| #define HAVE_UNISTD_H 1
| #define HAVE_DLFCN_H 1
| #define LT_OBJDIR ".libs/"
| #define PACKAGE "SDL2_image"
| #define VERSION "2.0.1"
| /* end confdefs.h.  */
| 
| int
| main ()
| {
| 
|   ;
|   return 0;
| }
configure:11707: gcc -c   conftest.m >&5
gcc: error trying to exec 'cc1obj': execvp: No such file or directory
configure:11707: $? = 1
configure: failed program was:
| /* confdefs.h */
| #define PACKAGE_NAME ""
| #define PACKAGE_TARNAME ""
| #define PACKAGE_VERSION ""
| #define PACKAGE_STRING ""
| #define PACKAGE_BUGREPORT ""
| #define PACKAGE_URL ""
| #define STDC_HEADERS 1
| #define HAVE_SYS_TYPES_H 1
| #define HAVE_SYS_STAT_H 1
| #define HAVE_STDLIB_H 1
| #define HAVE_STRING_H 1
| #define HAVE_MEMORY_H 1
| #define HAVE_STRINGS_H 1
| #define HAVE_INTTYPES_H 1
| #define HAVE_STDINT_H 1
| #define HAVE_UNISTD_H 1
| #define HAVE_DLFCN_H 1
| #define LT_OBJDIR ".libs/"
| #define PACKAGE "SDL2_image"
| #define VERSION "2.0.1"
| /* end confdefs.h.  */
| 
| int
| main ()
| {
| 
|   ;
|   return 0;
| }
configure:11723: gcc -c -g  conftest.m >&5
gcc: error trying to exec 'cc1obj': execvp: No such file or directory
configure:11723: $? = 1
configure: failed program was:
| /* confdefs.h */
| #define PACKAGE_NAME ""
| #define PACKAGE_TARNAME ""
| #define PACKAGE_VERSION ""
| #define PACKAGE_STRING ""
| #define PACKAGE_BUGREPORT ""
| #define PACKAGE_URL ""
| #define STDC_HEADERS 1
| #define HAVE_SYS_TYPES_H 1
| #define HAVE_SYS_STAT_H 1
| #define HAVE_STDLIB_H 1
| #define HAVE_STRING_H 1
| #define HAVE_MEMORY_H 1
| #define HAVE_STRINGS_H 1
| #define HAVE_INTTYPES_H 1
| #define HAVE_STDINT_H 1
| #define HAVE_UNISTD_H 1
| #define HAVE_DLFCN_H 1
| #define LT_OBJDIR ".libs/"
| #define PACKAGE "SDL2_image"
| #define VERSION "2.0.1"
| /* end confdefs.h.  */
| 
| int
| main ()
| {
| 
|   ;
|   return 0;
| }
configure:11733: result: no
configure:11758: checking dependency style of gcc
configure:11867: result: gcc3
configure:11882: checking for inline
configure:11898: gcc -c -g -O2  conftest.c >&5
configure:11898: $? = 0
configure:11906: result: inline
configure:11925: checking whether make sets $(MAKE)
configure:11947: result: yes
configure:11965: checking for windres
configure:11995: result: no
configure:11965: checking for linux-gnu-windres
configure:11995: result: no
configure:12126: checking for pkg-config
configure:12144: found /usr/bin/pkg-config
configure:12156: result: /usr/bin/pkg-config
configure:12181: checking pkg-config is at least version 0.9.0
configure:12184: result: yes
configure:12222: checking for SDL
configure:12230: $PKG_CONFIG --exists --print-errors "sdl2 >= $min_sdl_version"
Package sdl2 was not found in the pkg-config search path.
Perhaps you should add the directory containing `sdl2.pc'
to the PKG_CONFIG_PATH environment variable
No package 'sdl2' found
configure:12233: $? = 1
configure:12248: $PKG_CONFIG --exists --print-errors "sdl2 >= $min_sdl_version"
Package sdl2 was not found in the pkg-config search path.
Perhaps you should add the directory containing `sdl2.pc'
to the PKG_CONFIG_PATH environment variable
No package 'sdl2' found
configure:12251: $? = 1
No package 'sdl2' found
configure:12279: result: no
configure:12317: checking for sdl2-config
configure:12348: result: /home/james_kuczynski@student.uml.edu/CsProjects/CxxProjects/CxxLibraries/SDL-mirror/sdl2-config
configure:12357: checking for SDL - version >= 2.0.0
configure:12445: gcc -o conftest -g -O2 -I/usr/local/include/SDL2 -D_REENTRANT   conftest.c  -L/usr/local/lib -Wl,-rpath,/usr/local/lib -lSDL2 -lpthread >&5
conftest.c:27:17: fatal error: SDL.h: No such file or directory
 #include "SDL.h"
                 ^
compilation terminated.
configure:12445: $? = 1
configure: program exited with status 1
configure: failed program was:
| /* confdefs.h */
| #define PACKAGE_NAME ""
| #define PACKAGE_TARNAME ""
| #define PACKAGE_VERSION ""
| #define PACKAGE_STRING ""
| #define PACKAGE_BUGREPORT ""
| #define PACKAGE_URL ""
| #define STDC_HEADERS 1
| #define HAVE_SYS_TYPES_H 1
| #define HAVE_SYS_STAT_H 1
| #define HAVE_STDLIB_H 1
| #define HAVE_STRING_H 1
| #define HAVE_MEMORY_H 1
| #define HAVE_STRINGS_H 1
| #define HAVE_INTTYPES_H 1
| #define HAVE_STDINT_H 1
| #define HAVE_UNISTD_H 1
| #define HAVE_DLFCN_H 1
| #define LT_OBJDIR ".libs/"
| #define PACKAGE "SDL2_image"
| #define VERSION "2.0.1"
| /* end confdefs.h.  */
| 
| #include <stdio.h>
| #include <stdlib.h>
| #include <string.h>
| #include "SDL.h"
| 
| char*
| my_strdup (char *str)
| {
|   char *new_str;
| 
|   if (str)
|     {
|       new_str = (char *)malloc ((strlen (str) + 1) * sizeof(char));
|       strcpy (new_str, str);
|     }
|   else
|     new_str = NULL;
| 
|   return new_str;
| }
| 
| int main (int argc, char *argv[])
| {
|   int major, minor, micro;
|   char *tmp_version;
| 
|   /* This hangs on some systems (?)
|   system ("touch conf.sdltest");
|   */
|   { FILE *fp = fopen("conf.sdltest", "a"); if ( fp ) fclose(fp); }
| 
|   /* HP/UX 9 (%@#!) writes to sscanf strings */
|   tmp_version = my_strdup("2.0.0");
|   if (sscanf(tmp_version, "%d.%d.%d", &major, &minor, &micro) != 3) {
|      printf("%s, bad version string\n", "2.0.0");
|      exit(1);
|    }
| 
|    if ((2 > major) ||
|       ((2 == major) && (0 > minor)) ||
|       ((2 == major) && (0 == minor) && (1 >= micro)))
|     {
|       return 0;
|     }
|   else
|     {
|       printf("\n*** 'sdl2-config --version' returned %d.%d.%d, but the minimum version\n", 2, 0, 1);
|       printf("*** of SDL required is %d.%d.%d. If sdl2-config is correct, then it is\n", major, minor, micro);
|       printf("*** best to upgrade to the required version.\n");
|       printf("*** If sdl2-config was wrong, set the environment variable SDL2_CONFIG\n");
|       printf("*** to point to the correct copy of sdl2-config, and remove the file\n");
|       printf("*** config.cache before re-running configure\n");
|       return 1;
|     }
| }
| 
| 
configure:12463: result: no
configure:12502: gcc -o conftest -g -O2 -I/usr/local/include/SDL2 -D_REENTRANT   conftest.c  -L/usr/local/lib -Wl,-rpath,/usr/local/lib -lSDL2 -lpthread >&5
conftest.c:25:17: fatal error: SDL.h: No such file or directory
 #include "SDL.h"
                 ^
compilation terminated.
configure:12502: $? = 1
configure: failed program was:
| /* confdefs.h */
| #define PACKAGE_NAME ""
| #define PACKAGE_TARNAME ""
| #define PACKAGE_VERSION ""
| #define PACKAGE_STRING ""
| #define PACKAGE_BUGREPORT ""
| #define PACKAGE_URL ""
| #define STDC_HEADERS 1
| #define HAVE_SYS_TYPES_H 1
| #define HAVE_SYS_STAT_H 1
| #define HAVE_STDLIB_H 1
| #define HAVE_STRING_H 1
| #define HAVE_MEMORY_H 1
| #define HAVE_STRINGS_H 1
| #define HAVE_INTTYPES_H 1
| #define HAVE_STDINT_H 1
| #define HAVE_UNISTD_H 1
| #define HAVE_DLFCN_H 1
| #define LT_OBJDIR ".libs/"
| #define PACKAGE "SDL2_image"
| #define VERSION "2.0.1"
| /* end confdefs.h.  */
| 
| #include <stdio.h>
| #include "SDL.h"
| 
| int main(int argc, char *argv[])
| { return 0; }
| #undef  main
| #define main K_and_R_C_main
| 
| int
| main ()
| {
|  return 0;
|   ;
|   return 0;
| }
configure:12527: error: *** SDL version 2.0.0 not found!

## ---------------- ##
## Cache variables. ##
## ---------------- ##

ac_cv_build=x86_64-unknown-linux-gnu
ac_cv_c_compiler_gnu=yes
ac_cv_c_inline=inline
ac_cv_env_CC_set=
ac_cv_env_CC_value=
ac_cv_env_CFLAGS_set=
ac_cv_env_CFLAGS_value=
ac_cv_env_CPPFLAGS_set=
ac_cv_env_CPPFLAGS_value=
ac_cv_env_CPP_set=
ac_cv_env_CPP_value=
ac_cv_env_LDFLAGS_set=
ac_cv_env_LDFLAGS_value=
ac_cv_env_LIBPNG_CFLAGS_set=
ac_cv_env_LIBPNG_CFLAGS_value=
ac_cv_env_LIBPNG_LIBS_set=
ac_cv_env_LIBPNG_LIBS_value=
ac_cv_env_LIBS_set=
ac_cv_env_LIBS_value=
ac_cv_env_LIBWEBP_CFLAGS_set=
ac_cv_env_LIBWEBP_CFLAGS_value=
ac_cv_env_LIBWEBP_LIBS_set=
ac_cv_env_LIBWEBP_LIBS_value=
ac_cv_env_OBJCFLAGS_set=
ac_cv_env_OBJCFLAGS_value=
ac_cv_env_OBJC_set=
ac_cv_env_OBJC_value=
ac_cv_env_PKG_CONFIG_set=
ac_cv_env_PKG_CONFIG_value=
ac_cv_env_SDL_CFLAGS_set=
ac_cv_env_SDL_CFLAGS_value=
ac_cv_env_SDL_LIBS_set=
ac_cv_env_SDL_LIBS_value=
ac_cv_env_build_alias_set=
ac_cv_env_build_alias_value=
ac_cv_env_host_alias_set=
ac_cv_env_host_alias_value=
ac_cv_env_target_alias_set=
ac_cv_env_target_alias_value=
ac_cv_header_dlfcn_h=yes
ac_cv_header_inttypes_h=yes
ac_cv_header_memory_h=yes
ac_cv_header_stdc=yes
ac_cv_header_stdint_h=yes
ac_cv_header_stdlib_h=yes
ac_cv_header_string_h=yes
ac_cv_header_strings_h=yes
ac_cv_header_sys_stat_h=yes
ac_cv_header_sys_types_h=yes
ac_cv_header_unistd_h=yes
ac_cv_host=x86_64-unknown-linux-gnu
ac_cv_objc_compiler_gnu=no
ac_cv_objext=o
ac_cv_path_EGREP='/usr/bin/grep -E'
ac_cv_path_FGREP='/usr/bin/grep -F'
ac_cv_path_GREP=/usr/bin/grep
ac_cv_path_SDL2_CONFIG=/home/james_kuczynski@student.uml.edu/CsProjects/CxxProjects/CxxLibraries/SDL-mirror/sdl2-config
ac_cv_path_SED=/usr/bin/sed
ac_cv_path_ac_pt_PKG_CONFIG=/usr/bin/pkg-config
ac_cv_path_install='/usr/bin/install -c'
ac_cv_path_mkdir=/usr/bin/mkdir
ac_cv_prog_AWK=gawk
ac_cv_prog_CPP='gcc -E'
ac_cv_prog_ac_ct_AR=ar
ac_cv_prog_ac_ct_CC=gcc
ac_cv_prog_ac_ct_OBJC=gcc
ac_cv_prog_ac_ct_OBJDUMP=objdump
ac_cv_prog_ac_ct_RANLIB=ranlib
ac_cv_prog_ac_ct_STRIP=strip
ac_cv_prog_cc_c89=
ac_cv_prog_cc_g=yes
ac_cv_prog_make_make_set=yes
ac_cv_prog_objc_g=no
am_cv_CC_dependencies_compiler_type=gcc3
am_cv_OBJC_dependencies_compiler_type=gcc3
am_cv_make_support_nested_variables=yes
lt_cv_deplibs_check_method=pass_all
lt_cv_file_magic_cmd='$MAGIC_CMD'
lt_cv_file_magic_test_file=
lt_cv_ld_reload_flag=-r
lt_cv_nm_interface='BSD nm'
lt_cv_objdir=.libs
lt_cv_path_LD=/usr/bin/ld
lt_cv_path_NM='/usr/bin/nm -B'
lt_cv_prog_compiler_c_o=yes
lt_cv_prog_compiler_pic_works=yes
lt_cv_prog_compiler_rtti_exceptions=no
lt_cv_prog_compiler_static_works=yes
lt_cv_prog_gnu_ld=yes
lt_cv_sys_global_symbol_pipe='sed -n -e '\''s/^.*[	 ]\([ABCDGIRSTW][ABCDGIRSTW]*\)[	 ][	 ]*\([_A-Za-z][_A-Za-z0-9]*\)$/\1 \2 \2/p'\'''
lt_cv_sys_global_symbol_to_c_name_address='sed -n -e '\''s/^: \([^ ]*\) $/  {\"\1\", (void *) 0},/p'\'' -e '\''s/^[ABCDGIRSTW]* \([^ ]*\) \([^ ]*\)$/  {"\2", (void *) \&\2},/p'\'''
lt_cv_sys_global_symbol_to_c_name_address_lib_prefix='sed -n -e '\''s/^: \([^ ]*\) $/  {\"\1\", (void *) 0},/p'\'' -e '\''s/^[ABCDGIRSTW]* \([^ ]*\) \(lib[^ ]*\)$/  {"\2", (void *) \&\2},/p'\'' -e '\''s/^[ABCDGIRSTW]* \([^ ]*\) \([^ ]*\)$/  {"lib\2", (void *) \&\2},/p'\'''
lt_cv_sys_global_symbol_to_cdecl='sed -n -e '\''s/^T .* \(.*\)$/extern int \1();/p'\'' -e '\''s/^[ABCDGIRSTW]* .* \(.*\)$/extern char \1;/p'\'''
lt_cv_sys_max_cmd_len=1572864

## ----------------- ##
## Output variables. ##
## ----------------- ##

ACLOCAL='${SHELL} /home/james_kuczynski@student.uml.edu/CsProjects/CxxProjects/CxxLibraries/SDL_image/missing aclocal-1.13'
AMDEPBACKSLASH='\'
AMDEP_FALSE='#'
AMDEP_TRUE=''
AMTAR='$${TAR-tar}'
AM_BACKSLASH='\'
AM_DEFAULT_V='$(AM_DEFAULT_VERBOSITY)'
AM_DEFAULT_VERBOSITY='1'
AM_V='$(V)'
AR='ar'
AS='as'
AUTOCONF='${SHELL} /home/james_kuczynski@student.uml.edu/CsProjects/CxxProjects/CxxLibraries/SDL_image/missing autoconf'
AUTOHEADER='${SHELL} /home/james_kuczynski@student.uml.edu/CsProjects/CxxProjects/CxxLibraries/SDL_image/missing autoheader'
AUTOMAKE='${SHELL} /home/james_kuczynski@student.uml.edu/CsProjects/CxxProjects/CxxLibraries/SDL_image/missing automake-1.13'
AWK='gawk'
BINARY_AGE='1'
CC='gcc'
CCDEPMODE='depmode=gcc3'
CFLAGS='-g -O2'
CPP='gcc -E'
CPPFLAGS=''
CYGPATH_W='echo'
DEFS=''
DEPDIR='.deps'
DLLTOOL='dlltool'
DSYMUTIL=''
DUMPBIN=''
ECHO_C=''
ECHO_N='-n'
ECHO_T=''
EGREP='/usr/bin/grep -E'
EXEEXT=''
FGREP='/usr/bin/grep -F'
GREP='/usr/bin/grep'
IMG_LIBS=''
INSTALL_DATA='${INSTALL} -m 644'
INSTALL_PROGRAM='${INSTALL}'
INSTALL_SCRIPT='${INSTALL}'
INSTALL_STRIP_PROGRAM='$(install_sh) -c -s'
INTERFACE_AGE='1'
LD='/usr/bin/ld -m elf_x86_64'
LDFLAGS=''
LIBOBJS=''
LIBPNG_CFLAGS=''
LIBPNG_LIBS=''
LIBS=''
LIBTOOL='$(SHELL) $(top_builddir)/libtool'
LIBWEBP_CFLAGS=''
LIBWEBP_LIBS=''
LIPO=''
LN_S='ln -s'
LTLIBOBJS=''
LT_AGE='0'
LT_CURRENT='0'
LT_RELEASE='2.0'
LT_REVISION='1'
MAJOR_VERSION='2'
MAKEINFO='${SHELL} /home/james_kuczynski@student.uml.edu/CsProjects/CxxProjects/CxxLibraries/SDL_image/missing makeinfo'
MICRO_VERSION='1'
MINOR_VERSION='0'
MKDIR_P='/usr/bin/mkdir -p'
NM='/usr/bin/nm -B'
NMEDIT=''
OBJC='gcc'
OBJCDEPMODE='depmode=gcc3'
OBJCFLAGS=''
OBJDUMP='objdump'
OBJEXT='o'
OTOOL64=''
OTOOL=''
PACKAGE='SDL2_image'
PACKAGE_BUGREPORT=''
PACKAGE_NAME=''
PACKAGE_STRING=''
PACKAGE_TARNAME=''
PACKAGE_URL=''
PACKAGE_VERSION=''
PATH_SEPARATOR=':'
PKG_CONFIG='/usr/bin/pkg-config'
RANLIB='ranlib'
SDL2_CONFIG='/home/james_kuczynski@student.uml.edu/CsProjects/CxxProjects/CxxLibraries/SDL-mirror/sdl2-config'
SDL_CFLAGS=''
SDL_LIBS=''
SDL_VERSION='2.0.0'
SED='/usr/bin/sed'
SET_MAKE=''
SHELL='/bin/sh'
STRIP='strip'
USE_IMAGEIO_FALSE=''
USE_IMAGEIO_TRUE='#'
USE_VERSION_RC_FALSE=''
USE_VERSION_RC_TRUE='#'
VERSION='2.0.1'
WINDRES=''
ac_ct_CC='gcc'
ac_ct_DUMPBIN=''
ac_ct_OBJC='gcc'
am__EXEEXT_FALSE=''
am__EXEEXT_TRUE=''
am__fastdepCC_FALSE='#'
am__fastdepCC_TRUE=''
am__fastdepOBJC_FALSE='#'
am__fastdepOBJC_TRUE=''
am__include='include'
am__isrc=''
am__leading_dot='.'
am__nodep='_no'
am__quote=''
am__tar='$${TAR-tar} chof - "$$tardir"'
am__untar='$${TAR-tar} xf -'
bindir='${exec_prefix}/bin'
build='x86_64-unknown-linux-gnu'
build_alias=''
build_cpu='x86_64'
build_os='linux-gnu'
build_vendor='unknown'
datadir='${datarootdir}'
datarootdir='${prefix}/share'
docdir='${datarootdir}/doc/${PACKAGE}'
dvidir='${docdir}'
exec_prefix='NONE'
host='x86_64-unknown-linux-gnu'
host_alias=''
host_cpu='x86_64'
host_os='linux-gnu'
host_vendor='unknown'
htmldir='${docdir}'
includedir='${prefix}/include'
infodir='${datarootdir}/info'
install_sh='${SHELL} /home/james_kuczynski@student.uml.edu/CsProjects/CxxProjects/CxxLibraries/SDL_image/install-sh'
libdir='${exec_prefix}/lib'
libexecdir='${exec_prefix}/libexec'
localedir='${datarootdir}/locale'
localstatedir='${prefix}/var'
lt_ECHO='echo'
mandir='${datarootdir}/man'
mkdir_p='$(MKDIR_P)'
oldincludedir='/usr/include'
pdfdir='${docdir}'
prefix='NONE'
program_transform_name='s,x,x,'
psdir='${docdir}'
sbindir='${exec_prefix}/sbin'
sharedstatedir='${prefix}/com'
sysconfdir='${prefix}/etc'
target_alias=''

## ----------- ##
## confdefs.h. ##
## ----------- ##

/* confdefs.h */
#define PACKAGE_NAME ""
#define PACKAGE_TARNAME ""
#define PACKAGE_VERSION ""
#define PACKAGE_STRING ""
#define PACKAGE_BUGREPORT ""
#define PACKAGE_URL ""
#define STDC_HEADERS 1
#define HAVE_SYS_TYPES_H 1
#define HAVE_SYS_STAT_H 1
#define HAVE_STDLIB_H 1
#define HAVE_STRING_H 1
#define HAVE_MEMORY_H 1
#define HAVE_STRINGS_H 1
#define HAVE_INTTYPES_H 1
#define HAVE_STDINT_H 1
#define HAVE_UNISTD_H 1
#define HAVE_DLFCN_H 1
#define LT_OBJDIR ".libs/"
#define PACKAGE "SDL2_image"
#define VERSION "2.0.1"

configure: exit 1
